VirtualBox XPCOM Server 4.3.26_OSE r98988 linux.amd64 (Apr 21 2015 04:04:34) release log
00:00:00.000239 main     Log opened 2015-05-10T20:59:05.887793000Z
00:00:00.000241 main     Build Type: release
00:00:00.000244 main     OS Product: Linux
00:00:00.000244 main     OS Release: 4.0.1-1-ARCH
00:00:00.000245 main     OS Version: #1 SMP PREEMPT Wed Apr 29 12:00:26 CEST 2015
00:00:00.000265 main     DMI Product Name: GA-990FXA-UD3
00:00:00.000270 main     DMI Product Version:  
00:00:00.000323 main     Host RAM: 12018MB total, 11442MB available
00:00:00.000326 main     Executable: /usr/lib/virtualbox/VBoxSVC
00:00:00.000326 main     Process ID: 3093
00:00:00.000327 main     Package type: LINUX_64BITS_GENERIC (OSE)
00:00:00.105315 nspr-2   Loading settings file "/home/midfingr/.config/VirtualBox/VirtualBox.xml" with version "1.12-linux"
00:00:00.110501 nspr-2   Successfully initialised host USB using sysfs
00:00:00.115139 nspr-2   NetIfAdpCtlOut: VBoxNetAdpCtl: Error while retrieving link speed for wlp5s0: VBoxNetAdpCtl: ioctl failed: Operation not supported
00:00:00.115554 nspr-2   HostDnsMonitorProxy::notify
00:00:00.115560 nspr-2   HostDnsMonitorProxy: Host's DNS information updated:
00:00:00.115563 nspr-2     server 1: 192.168.0.1
00:00:00.115567 nspr-2     no search string entries
00:00:00.115570 nspr-2     no domain set
00:00:00.116792 nspr-2   VDInit finished
00:00:00.116872 nspr-2   ERROR [COM]: aRC=NS_ERROR_FAILURE (0x80004005) aIID={1254a96a-ae57-4484-946a-22d86c1f98af} aComponent={SystemProperties} aText={Cannot determine default Guest Additions ISO location. Most likely they are not available}, preserve=false
00:00:00.119287 nspr-2   Loading settings file "/home/midfingr/VirtualBox VMs/arch-mid/arch-mid.vbox" with version "1.14-linux"
00:00:05.594712 nspr-3   ERROR [COM]: aRC=E_ACCESSDENIED (0x80070005) aIID={05f2bbb6-a3a6-4fb9-9b49-6d0dda7142ac} aComponent={Medium} aText={The object is not ready}, preserve=false
00:00:12.498636 Watcher  ERROR [COM]: aRC=E_ACCESSDENIED (0x80070005) aIID={fafa4e17-1ee2-4905-a10e-fe7c18bf5554} aComponent={VirtualBox} aText={The object is not ready}, preserve=false
